<?xml version="1.0" encoding="UTF-8"?>
<testExecutions version="1">
  <file path="/home/ehteqm/Front_End_Dev/React/capstone-blinkist/src/components/atoms/avatar/index.test.tsx">
    <testCase name="Unit Test - Avatar" duration="127"/>
  </file>
  <file path="/home/ehteqm/Front_End_Dev/React/capstone-blinkist/src/components/organisms/banner/index.test.tsx">
    <testCase name="should Render Banner" duration="380"/>
  </file>
  <file path="/home/ehteqm/Front_End_Dev/React/capstone-blinkist/src/components/molecules/FooterNavLists/index.test.tsx">
    <testCase name="should Display Footer Lists" duration="446"/>
  </file>
  <file path="/home/ehteqm/Front_End_Dev/React/capstone-blinkist/src/components/molecules/ButtonGrid/index.test.tsx">
    <testCase name="should Generate 3 Buttons - Unit Test" duration="690"/>
  </file>
  <file path="/home/ehteqm/Front_End_Dev/React/capstone-blinkist/src/components/molecules/BookCard/index.test.tsx">
    <testCase name="Unit Test - Book Card" duration="536"/>
  </file>
  <file path="/home/ehteqm/Front_End_Dev/React/capstone-blinkist/src/components/molecules/categoryBookList/index.test.tsx">
    <testCase name="Unit Test - Category Book list" duration="906"/>
  </file>
  <file path="/home/ehteqm/Front_End_Dev/React/capstone-blinkist/src/App.test.tsx">
    <testCase name="should Display App" duration="1076"/>
  </file>
  <file path="/home/ehteqm/Front_End_Dev/React/capstone-blinkist/src/components/organisms/dropDownMenu/index.test.tsx">
    <testCase name="should Display DropDown menu" duration="570"/>
  </file>
  <file path="/home/ehteqm/Front_End_Dev/React/capstone-blinkist/src/components/molecules/FooterNavList/index.test.tsx">
    <testCase name="should render a list of Elements" duration="190"/>
  </file>
  <file path="/home/ehteqm/Front_End_Dev/React/capstone-blinkist/src/components/molecules/searchBar/index.test.tsx">
    <testCase name="should display Search Bar" duration="85"/>
  </file>
  <file path="/home/ehteqm/Front_End_Dev/React/capstone-blinkist/src/components/molecules/TabBar/index.test.tsx">
    <testCase name="should Display Tab Bar" duration="690"/>
  </file>
  <file path="/home/ehteqm/Front_End_Dev/React/capstone-blinkist/src/components/organisms/bookDetails/index.test.tsx">
    <testCase name="should display Book Details" duration="563"/>
  </file>
  <file path="/home/ehteqm/Front_End_Dev/React/capstone-blinkist/src/components/molecules/TabPanel/index.test.tsx">
    <testCase name="should display Books" duration="565"/>
  </file>
  <file path="/home/ehteqm/Front_End_Dev/React/capstone-blinkist/src/components/atoms/progressBar/index.test.tsx">
    <testCase name="Unit Test - Progress Bar" duration="39"/>
  </file>
  <file path="/home/ehteqm/Front_End_Dev/React/capstone-blinkist/src/components/molecules/sitemap/index.test.tsx">
    <testCase name="should display SiteMap" duration="58"/>
  </file>
  <file path="/home/ehteqm/Front_End_Dev/React/capstone-blinkist/src/components/molecules/navlinks/index.test.tsx">
    <testCase name="should display NavItems and also Demonstrate OnClick" duration="77"/>
    <testCase name="Should display a navitem with arrow icon" duration="29"/>
  </file>
  <file path="/home/ehteqm/Front_End_Dev/React/capstone-blinkist/src/components/atoms/iconWIthText/index.test.tsx">
    <testCase name="IconWithText - Unit Test" duration="63"/>
  </file>
  <file path="/home/ehteqm/Front_End_Dev/React/capstone-blinkist/src/components/molecules/SloganLogo/index.test.tsx">
    <testCase name="should display Sloganlogo" duration="49"/>
  </file>
  <file path="/home/ehteqm/Front_End_Dev/React/capstone-blinkist/src/components/molecules/IconTitle/index.test.tsx">
    <testCase name="should display icon with title" duration="66"/>
  </file>
</testExecutions>